<?xml version="1.0" encoding="UTF-8"?>
<testng-results ignored="0" total="2" passed="2" failed="0" skipped="0">
  <reporter-output>
  </reporter-output>
  <suite started-at="2022-10-14T01:36:05 IST" name="Default suite" finished-at="2022-10-14T01:36:21 IST" duration-ms="15737">
    <groups>
    </groups>
    <test started-at="2022-10-14T01:36:05 IST" name="Default test" finished-at="2022-10-14T01:36:21 IST" duration-ms="15737">
      <class name="com.capstone.AadharAdmin">
        <test-method signature="ChromeBrowser()[pri:0, instance:com.capstone.AadharAdmin@483f6d77]" started-at="2022-10-14T01:36:05 IST" name="ChromeBrowser" finished-at="2022-10-14T01:36:08 IST" duration-ms="2323" status="PASS">
          <reporter-output>
          </reporter-output>
        </test-method> <!-- ChromeBrowser -->
        <test-method signature="TestHome()[pri:0, instance:com.capstone.AadharAdmin@483f6d77]" started-at="2022-10-14T01:36:08 IST" name="TestHome" finished-at="2022-10-14T01:36:21 IST" duration-ms="13360" status="PASS">
          <reporter-output>
          </reporter-output>
        </test-method> <!-- TestHome -->
      </class> <!-- com.capstone.AadharAdmin -->
    </test> <!-- Default test -->
  </suite> <!-- Default suite -->
</testng-results>
